\n\n[2023-01-02 14:15:54] ALERT: There have been changes to the user configuration on the system!
--- /dev/fd/63	2023-01-02 14:15:54.165213555 -0800
+++ /dev/fd/62	2023-01-02 14:15:54.165213555 -0800
@@ -68,4 +68,3 @@
 _dvwa
 mike
 speech-dispatcher
-test
[2023-01-02 14:17:00] ALERT: There have been changes to the user configuration on the system!
--- /dev/fd/63	2023-01-02 14:17:00.615203426 -0800
+++ /dev/fd/62	2023-01-02 14:17:00.615203426 -0800
@@ -68,3 +68,4 @@
 _dvwa
 mike
 speech-dispatcher
+test


[2023-01-02 14:17:39] ALERT: There have been changes to the user configuration on the system!
--- /dev/fd/63	2023-01-02 14:17:39.555197977 -0800
+++ /dev/fd/62	2023-01-02 14:17:39.555197977 -0800
@@ -68,4 +68,3 @@
 _dvwa
 mike
 speech-dispatcher
-test


[2023-01-02 14:18:27] ALERT: There have been changes to the user configuration on the system!
--- /dev/fd/63	2023-01-02 14:18:27.775189879 -0800
+++ /dev/fd/62	2023-01-02 14:18:27.775189879 -0800
@@ -68,3 +68,4 @@
 _dvwa
 mike
 speech-dispatcher
+test2


[2023-01-02 14:18:41] ALERT: There have been changes to the user configuration on the system!
--- /dev/fd/63	2023-01-02 14:18:41.555187327 -0800
+++ /dev/fd/62	2023-01-02 14:18:41.555187327 -0800
@@ -68,4 +68,3 @@
 _dvwa
 mike
 speech-dispatcher
-test2
